Using pre-set license

 COMMAND LINE ARGUMENTS:
/Applications/Unity/Hub/Editor/2020.2.7f1/Unity.app/Contents/MacOS/Unity
-adb2
-batchMode
-noUpm
-name
AssetImportWorker0
-projectPath
/Users/kanayamasakurako/Desktop/Unity project/Ramenmori
-logFile
Logs/AssetImportWorker0.log
-srvPort
54179
Successfully changed project path to: /Users/kanayamasakurako/Desktop/Unity project/Ramenmori
/Users/kanayamasakurako/Desktop/Unity project/Ramenmori
Using Asset Import Pipeline V2.
Refreshing native plugins compatible for Editor in 114.83 ms, found 2 plugins.
Preloading 0 native plugins for Editor in 0.00 ms.
Initialize engine version: 2020.2.7f1 (c53830e277f1)
[Subsystems] Discovering subsystems at path /Applications/Unity/Hub/Editor/2020.2.7f1/Unity.app/Contents/Resources/UnitySubsystems
[Subsystems] Discovering subsystems at path /Users/kanayamasakurako/Desktop/Unity project/Ramenmori/Assets
GfxDevice: creating device client; threaded=0
2023-03-10 10:48:24.951 Unity[16905:783595] Color LCD preferred device: Intel(R) Iris(TM) Plus Graphics 650 (low power)
2023-03-10 10:48:24.951 Unity[16905:783595] Metal devices available: 1
2023-03-10 10:48:24.951 Unity[16905:783595] 0: Intel(R) Iris(TM) Plus Graphics 650 (low power)
2023-03-10 10:48:24.951 Unity[16905:783595] Using device Intel(R) Iris(TM) Plus Graphics 650 (low power)
Initializing Metal device caps: Intel(R) Iris(TM) Plus Graphics 650
Initialize mono
Mono path[0] = '/Applications/Unity/Hub/Editor/2020.2.7f1/Unity.app/Contents/Managed'
Mono path[1] = '/Applications/Unity/Hub/Editor/2020.2.7f1/Unity.app/Contents/MonoBleedingEdge/lib/mono/unityjit'
Mono config path = '/Applications/Unity/Hub/Editor/2020.2.7f1/Unity.app/Contents/MonoBleedingEdge/etc'
Using monoOptions --debugger-agent=transport=dt_socket,embedding=1,server=y,suspend=n,address=127.0.0.1:56905
Begin MonoManager ReloadAssembly
Registering precompiled unity dll's ...
Register platform support module: /Applications/Unity/Hub/Editor/2020.2.7f1/Unity.app/Contents/PlaybackEngines/MacStandaloneSupport/UnityEditor.OSXStandalone.Extensions.dll
Registered in 0.002788 seconds.
Native extension for OSXStandalone target not found
Refreshing native plugins compatible for Editor in 300.81 ms, found 2 plugins.
Preloading 0 native plugins for Editor in 0.00 ms.
Invoked RoslynAnalysisRunner static constructor.
RoslynAnalysisRunner will not be running.
RoslynAnalysisRunner has terminated.
Mono: successfully reloaded assembly
- Completed reload, in  4.586 seconds
Platform modules already initialized, skipping
Registering precompiled user dll's ...
Registered in 0.026187 seconds.
Begin MonoManager ReloadAssembly
Native extension for OSXStandalone target not found
Refreshing native plugins compatible for Editor in 58.25 ms, found 2 plugins.
Preloading 0 native plugins for Editor in 0.00 ms.
Invoked RoslynAnalysisRunner static constructor.
RoslynAnalysisRunner will not be running.
RoslynAnalysisRunner has terminated.
Mono: successfully reloaded assembly
- Completed reload, in  1.547 seconds
Platform modules already initialized, skipping
========================================================================
Worker process is ready to serve import requests
Launching external process: /Applications/Unity/Hub/Editor/2020.2.7f1/Unity.app/Contents/Tools/UnityShaderCompiler
Launched and connected shader compiler UnityShaderCompiler after 0.03 seconds
Refreshing native plugins compatible for Editor in 0.45 ms, found 2 plugins.
Preloading 0 native plugins for Editor in 0.00 ms.
Unloading 1811 Unused Serialized files (Serialized files now loaded: 0)
System memory in use before: 75.4 MB.
System memory in use after: 75.4 MB.

Unloading 24 unused Assets to reduce memory usage. Loaded Objects now: 2255.
Total: 4.662054 ms (FindLiveObjects: 0.468971 ms CreateObjectMapping: 0.165081 ms MarkObjects: 3.709417 ms  DeleteObjects: 0.316357 ms)

========================================================================
Received Import Request.
  path: Assets/Scripts/PlayerController.cs
  artifactKey: Guid(13056af4b348e44d5b7d518f4cfaa906) Importer(815301076,1909f56bfc062723c751e8b465ee728b)
Start importing Assets/Scripts/PlayerController.cs using Guid(13056af4b348e44d5b7d518f4cfaa906) Importer(815301076,1909f56bfc062723c751e8b465ee728b)  -> (artifact id: '8453bfa2fec69c1e742b9a98326dec87') in 0.630440 seconds
  Import took 0.638079 seconds .

========================================================================
Received Prepare
Registering precompiled user dll's ...
Registered in 0.001869 seconds.
Begin MonoManager ReloadAssembly
Native extension for OSXStandalone target not found
Refreshing native plugins compatible for Editor in 0.44 ms, found 2 plugins.
Preloading 0 native plugins for Editor in 0.00 ms.
Invoked RoslynAnalysisRunner static constructor.
RoslynAnalysisRunner will not be running.
RoslynAnalysisRunner has terminated.
Mono: successfully reloaded assembly
- Completed reload, in  1.924 seconds
Platform modules already initialized, skipping
Refreshing native plugins compatible for Editor in 0.45 ms, found 2 plugins.
Preloading 0 native plugins for Editor in 0.00 ms.
Unloading 1806 Unused Serialized files (Serialized files now loaded: 0)
System memory in use before: 148.5 MB.
System memory in use after: 148.5 MB.

Unloading 12 unused Assets to reduce memory usage. Loaded Objects now: 2259.
Total: 3.395893 ms (FindLiveObjects: 0.294021 ms CreateObjectMapping: 0.179496 ms MarkObjects: 2.785775 ms  DeleteObjects: 0.132836 ms)

========================================================================
Received Import Request.
  Time since last request: 504.864084 seconds.
  path: Assets/Scripts/PlayerController.cs
  artifactKey: Guid(13056af4b348e44d5b7d518f4cfaa906) Importer(815301076,1909f56bfc062723c751e8b465ee728b)
Start importing Assets/Scripts/PlayerController.cs using Guid(13056af4b348e44d5b7d518f4cfaa906) Importer(815301076,1909f56bfc062723c751e8b465ee728b)  -> (artifact id: 'babaa560b6afd137a304ebbaa6f928d2') in 0.137466 seconds
  Import took 0.322511 seconds .

========================================================================
Received Prepare
Registering precompiled user dll's ...
Registered in 0.002358 seconds.
Begin MonoManager ReloadAssembly
Native extension for OSXStandalone target not found
Refreshing native plugins compatible for Editor in 0.49 ms, found 2 plugins.
Preloading 0 native plugins for Editor in 0.00 ms.
Invoked RoslynAnalysisRunner static constructor.
RoslynAnalysisRunner will not be running.
RoslynAnalysisRunner has terminated.
Mono: successfully reloaded assembly
- Completed reload, in  1.864 seconds
Platform modules already initialized, skipping
Refreshing native plugins compatible for Editor in 0.46 ms, found 2 plugins.
Preloading 0 native plugins for Editor in 0.00 ms.
Unloading 1806 Unused Serialized files (Serialized files now loaded: 0)
System memory in use before: 150.3 MB.
System memory in use after: 150.3 MB.

Unloading 12 unused Assets to reduce memory usage. Loaded Objects now: 2263.
Total: 3.343749 ms (FindLiveObjects: 0.445985 ms CreateObjectMapping: 0.145922 ms MarkObjects: 2.604255 ms  DeleteObjects: 0.145220 ms)

========================================================================
Received Prepare
Registering precompiled user dll's ...
Registered in 0.003623 seconds.
Begin MonoManager ReloadAssembly
Native extension for OSXStandalone target not found
Refreshing native plugins compatible for Editor in 0.64 ms, found 2 plugins.
Preloading 0 native plugins for Editor in 0.00 ms.
Invoked RoslynAnalysisRunner static constructor.
RoslynAnalysisRunner will not be running.
RoslynAnalysisRunner has terminated.
Mono: successfully reloaded assembly
- Completed reload, in  1.516 seconds
Platform modules already initialized, skipping
Refreshing native plugins compatible for Editor in 0.44 ms, found 2 plugins.
Preloading 0 native plugins for Editor in 0.00 ms.
Unloading 1806 Unused Serialized files (Serialized files now loaded: 0)
System memory in use before: 152.1 MB.
System memory in use after: 152.2 MB.

Unloading 12 unused Assets to reduce memory usage. Loaded Objects now: 2267.
Total: 3.491839 ms (FindLiveObjects: 0.565258 ms CreateObjectMapping: 0.253216 ms MarkObjects: 2.509887 ms  DeleteObjects: 0.133102 ms)

========================================================================
Received Prepare
Registering precompiled user dll's ...
Registered in 0.000884 seconds.
Begin MonoManager ReloadAssembly
Native extension for OSXStandalone target not found
Refreshing native plugins compatible for Editor in 1.07 ms, found 2 plugins.
Preloading 0 native plugins for Editor in 0.00 ms.
Invoked RoslynAnalysisRunner static constructor.
RoslynAnalysisRunner will not be running.
RoslynAnalysisRunner has terminated.
Mono: successfully reloaded assembly
- Completed reload, in  1.536 seconds
Platform modules already initialized, skipping
Refreshing native plugins compatible for Editor in 0.52 ms, found 2 plugins.
Preloading 0 native plugins for Editor in 0.00 ms.
Unloading 1806 Unused Serialized files (Serialized files now loaded: 0)
System memory in use before: 153.9 MB.
System memory in use after: 154.0 MB.

Unloading 12 unused Assets to reduce memory usage. Loaded Objects now: 2271.
Total: 3.892836 ms (FindLiveObjects: 0.402381 ms CreateObjectMapping: 0.150482 ms MarkObjects: 3.205595 ms  DeleteObjects: 0.131871 ms)

========================================================================
Received Prepare
Registering precompiled user dll's ...
Registered in 0.003382 seconds.
Begin MonoManager ReloadAssembly
Native extension for OSXStandalone target not found
Refreshing native plugins compatible for Editor in 0.45 ms, found 2 plugins.
Preloading 0 native plugins for Editor in 0.00 ms.
Invoked RoslynAnalysisRunner static constructor.
RoslynAnalysisRunner will not be running.
RoslynAnalysisRunner has terminated.
Mono: successfully reloaded assembly
- Completed reload, in  1.453 seconds
Platform modules already initialized, skipping
Refreshing native plugins compatible for Editor in 0.76 ms, found 2 plugins.
Preloading 0 native plugins for Editor in 0.00 ms.
Unloading 1806 Unused Serialized files (Serialized files now loaded: 0)
System memory in use before: 155.7 MB.
System memory in use after: 155.7 MB.

Unloading 12 unused Assets to reduce memory usage. Loaded Objects now: 2275.
Total: 4.962614 ms (FindLiveObjects: 0.411497 ms CreateObjectMapping: 0.213454 ms MarkObjects: 4.185897 ms  DeleteObjects: 0.148801 ms)

========================================================================
Received Prepare
Registering precompiled user dll's ...
Registered in 0.001036 seconds.
Begin MonoManager ReloadAssembly
Native extension for OSXStandalone target not found
Refreshing native plugins compatible for Editor in 0.43 ms, found 2 plugins.
Preloading 0 native plugins for Editor in 0.00 ms.
Invoked RoslynAnalysisRunner static constructor.
RoslynAnalysisRunner will not be running.
RoslynAnalysisRunner has terminated.
Mono: successfully reloaded assembly
- Completed reload, in  1.483 seconds
Platform modules already initialized, skipping
Refreshing native plugins compatible for Editor in 0.47 ms, found 2 plugins.
Preloading 0 native plugins for Editor in 0.00 ms.
Unloading 1806 Unused Serialized files (Serialized files now loaded: 0)
System memory in use before: 157.5 MB.
System memory in use after: 157.5 MB.

Unloading 12 unused Assets to reduce memory usage. Loaded Objects now: 2279.
Total: 2.773194 ms (FindLiveObjects: 0.313873 ms CreateObjectMapping: 0.086214 ms MarkObjects: 2.244714 ms  DeleteObjects: 0.126839 ms)

========================================================================
Received Prepare
Registering precompiled user dll's ...
Registered in 0.004380 seconds.
Begin MonoManager ReloadAssembly
Native extension for OSXStandalone target not found
Refreshing native plugins compatible for Editor in 0.44 ms, found 2 plugins.
Preloading 0 native plugins for Editor in 0.00 ms.
Invoked RoslynAnalysisRunner static constructor.
RoslynAnalysisRunner will not be running.
RoslynAnalysisRunner has terminated.
Mono: successfully reloaded assembly
- Completed reload, in  1.528 seconds
Platform modules already initialized, skipping
Refreshing native plugins compatible for Editor in 0.49 ms, found 2 plugins.
Preloading 0 native plugins for Editor in 0.00 ms.
Unloading 1806 Unused Serialized files (Serialized files now loaded: 0)
System memory in use before: 159.3 MB.
System memory in use after: 159.3 MB.

Unloading 12 unused Assets to reduce memory usage. Loaded Objects now: 2283.
Total: 3.003022 ms (FindLiveObjects: 0.578273 ms CreateObjectMapping: 0.239089 ms MarkObjects: 2.053375 ms  DeleteObjects: 0.129840 ms)

========================================================================
Received Import Request.
  Time since last request: 323.450315 seconds.
  path: Assets/Scripts/ScoreCounter.cs
  artifactKey: Guid(108dccafcbbbe4a0f9aa7a0c9fd99d63) Importer(815301076,1909f56bfc062723c751e8b465ee728b)
Start importing Assets/Scripts/ScoreCounter.cs using Guid(108dccafcbbbe4a0f9aa7a0c9fd99d63) Importer(815301076,1909f56bfc062723c751e8b465ee728b)  -> (artifact id: 'a324473082aff678057f2ce50a7464e0') in 0.010667 seconds
  Import took 0.016958 seconds .

========================================================================
Received Import Request.
  Time since last request: 0.027944 seconds.
  path: Assets/Scripts/ScoreCounter.cs
  artifactKey: Guid(108dccafcbbbe4a0f9aa7a0c9fd99d63) Importer(815301076,1909f56bfc062723c751e8b465ee728b)
Start importing Assets/Scripts/ScoreCounter.cs using Guid(108dccafcbbbe4a0f9aa7a0c9fd99d63) Importer(815301076,1909f56bfc062723c751e8b465ee728b)  -> (artifact id: 'a324473082aff678057f2ce50a7464e0') in 0.002723 seconds
  Import took 0.008278 seconds .

========================================================================
Received Prepare
Registering precompiled user dll's ...
Registered in 0.003229 seconds.
Begin MonoManager ReloadAssembly
Native extension for OSXStandalone target not found
Refreshing native plugins compatible for Editor in 0.44 ms, found 2 plugins.
Preloading 0 native plugins for Editor in 0.00 ms.
Invoked RoslynAnalysisRunner static constructor.
RoslynAnalysisRunner will not be running.
RoslynAnalysisRunner has terminated.
Mono: successfully reloaded assembly
- Completed reload, in  1.937 seconds
Platform modules already initialized, skipping
Refreshing native plugins compatible for Editor in 0.66 ms, found 2 plugins.
Preloading 0 native plugins for Editor in 0.00 ms.
Unloading 1806 Unused Serialized files (Serialized files now loaded: 0)
System memory in use before: 161.1 MB.
System memory in use after: 161.2 MB.

Unloading 12 unused Assets to reduce memory usage. Loaded Objects now: 2287.
Total: 4.086461 ms (FindLiveObjects: 0.409500 ms CreateObjectMapping: 0.159432 ms MarkObjects: 3.337608 ms  DeleteObjects: 0.177255 ms)

========================================================================
Received Prepare
Registering precompiled user dll's ...
Registered in 0.000952 seconds.
Begin MonoManager ReloadAssembly
Native extension for OSXStandalone target not found
Refreshing native plugins compatible for Editor in 0.61 ms, found 2 plugins.
Preloading 0 native plugins for Editor in 0.00 ms.
Invoked RoslynAnalysisRunner static constructor.
RoslynAnalysisRunner will not be running.
RoslynAnalysisRunner has terminated.
Mono: successfully reloaded assembly
- Completed reload, in  1.704 seconds
Platform modules already initialized, skipping
Refreshing native plugins compatible for Editor in 0.43 ms, found 2 plugins.
Preloading 0 native plugins for Editor in 0.00 ms.
Unloading 1806 Unused Serialized files (Serialized files now loaded: 0)
System memory in use before: 163.0 MB.
System memory in use after: 163.0 MB.

Unloading 12 unused Assets to reduce memory usage. Loaded Objects now: 2291.
Total: 3.171869 ms (FindLiveObjects: 0.423420 ms CreateObjectMapping: 0.118650 ms MarkObjects: 2.472226 ms  DeleteObjects: 0.154971 ms)

========================================================================
Received Prepare
Registering precompiled user dll's ...
Registered in 0.000837 seconds.
Begin MonoManager ReloadAssembly
Native extension for OSXStandalone target not found
Refreshing native plugins compatible for Editor in 0.43 ms, found 2 plugins.
Preloading 0 native plugins for Editor in 0.00 ms.
Invoked RoslynAnalysisRunner static constructor.
RoslynAnalysisRunner will not be running.
RoslynAnalysisRunner has terminated.
Mono: successfully reloaded assembly
- Completed reload, in  1.373 seconds
Platform modules already initialized, skipping
Refreshing native plugins compatible for Editor in 0.43 ms, found 2 plugins.
Preloading 0 native plugins for Editor in 0.00 ms.
Unloading 1806 Unused Serialized files (Serialized files now loaded: 0)
System memory in use before: 164.8 MB.
System memory in use after: 164.8 MB.

Unloading 12 unused Assets to reduce memory usage. Loaded Objects now: 2295.
Total: 3.088856 ms (FindLiveObjects: 0.311454 ms CreateObjectMapping: 0.101884 ms MarkObjects: 2.541492 ms  DeleteObjects: 0.131450 ms)

