Using pre-set license

 COMMAND LINE ARGUMENTS:
/Applications/Unity/Hub/Editor/2020.2.7f1/Unity.app/Contents/MacOS/Unity
-adb2
-batchMode
-noUpm
-name
AssetImportWorker0
-projectPath
/Users/kanayamasakurako/Desktop/Unity project/Ramenmori
-logFile
Logs/AssetImportWorker0.log
-srvPort
49637
Successfully changed project path to: /Users/kanayamasakurako/Desktop/Unity project/Ramenmori
/Users/kanayamasakurako/Desktop/Unity project/Ramenmori
Using Asset Import Pipeline V2.
Refreshing native plugins compatible for Editor in 279.54 ms, found 2 plugins.
Preloading 0 native plugins for Editor in 0.00 ms.
Initialize engine version: 2020.2.7f1 (c53830e277f1)
[Subsystems] Discovering subsystems at path /Applications/Unity/Hub/Editor/2020.2.7f1/Unity.app/Contents/Resources/UnitySubsystems
[Subsystems] Discovering subsystems at path /Users/kanayamasakurako/Desktop/Unity project/Ramenmori/Assets
GfxDevice: creating device client; threaded=0
2023-03-06 14:46:16.746 Unity[3385:149038] Color LCD preferred device: Intel(R) Iris(TM) Plus Graphics 650 (low power)
2023-03-06 14:46:16.746 Unity[3385:149038] Metal devices available: 1
2023-03-06 14:46:16.746 Unity[3385:149038] 0: Intel(R) Iris(TM) Plus Graphics 650 (low power)
2023-03-06 14:46:16.747 Unity[3385:149038] Using device Intel(R) Iris(TM) Plus Graphics 650 (low power)
Initializing Metal device caps: Intel(R) Iris(TM) Plus Graphics 650
Initialize mono
Mono path[0] = '/Applications/Unity/Hub/Editor/2020.2.7f1/Unity.app/Contents/Managed'
Mono path[1] = '/Applications/Unity/Hub/Editor/2020.2.7f1/Unity.app/Contents/MonoBleedingEdge/lib/mono/unityjit'
Mono config path = '/Applications/Unity/Hub/Editor/2020.2.7f1/Unity.app/Contents/MonoBleedingEdge/etc'
Using monoOptions --debugger-agent=transport=dt_socket,embedding=1,server=y,suspend=n,address=127.0.0.1:56385
Begin MonoManager ReloadAssembly
Registering precompiled unity dll's ...
Register platform support module: /Applications/Unity/Hub/Editor/2020.2.7f1/Unity.app/Contents/PlaybackEngines/MacStandaloneSupport/UnityEditor.OSXStandalone.Extensions.dll
Registered in 0.004057 seconds.
Native extension for OSXStandalone target not found
Refreshing native plugins compatible for Editor in 61.80 ms, found 2 plugins.
Preloading 0 native plugins for Editor in 0.00 ms.
Invoked RoslynAnalysisRunner static constructor.
RoslynAnalysisRunner will not be running.
RoslynAnalysisRunner has terminated.
Mono: successfully reloaded assembly
- Completed reload, in  5.120 seconds
Platform modules already initialized, skipping
Registering precompiled user dll's ...
Registered in 0.013840 seconds.
Begin MonoManager ReloadAssembly
Native extension for OSXStandalone target not found
Refreshing native plugins compatible for Editor in 58.10 ms, found 2 plugins.
Preloading 0 native plugins for Editor in 0.00 ms.
Invoked RoslynAnalysisRunner static constructor.
RoslynAnalysisRunner will not be running.
RoslynAnalysisRunner has terminated.
Mono: successfully reloaded assembly
- Completed reload, in  2.025 seconds
Platform modules already initialized, skipping
========================================================================
Worker process is ready to serve import requests
Launching external process: /Applications/Unity/Hub/Editor/2020.2.7f1/Unity.app/Contents/Tools/UnityShaderCompiler
Launched and connected shader compiler UnityShaderCompiler after 0.39 seconds
Refreshing native plugins compatible for Editor in 0.48 ms, found 2 plugins.
Preloading 0 native plugins for Editor in 0.00 ms.
Unloading 1811 Unused Serialized files (Serialized files now loaded: 0)
System memory in use before: 75.6 MB.
System memory in use after: 75.6 MB.

Unloading 24 unused Assets to reduce memory usage. Loaded Objects now: 2255.
Total: 32.385031 ms (FindLiveObjects: 0.632740 ms CreateObjectMapping: 0.125117 ms MarkObjects: 24.389673 ms  DeleteObjects: 7.235229 ms)

========================================================================
Received Import Request.
  path: Assets/Prefabs/Men.prefab
  artifactKey: Guid(b241173f32c0d49bcaaedf3d7ab45e3f) Importer(815301076,1909f56bfc062723c751e8b465ee728b)
Start importing Assets/Prefabs/Men.prefab using Guid(b241173f32c0d49bcaaedf3d7ab45e3f) Importer(815301076,1909f56bfc062723c751e8b465ee728b)  -> (artifact id: '1a1e1ae039db6e34cf007a32f1cfd4a4') in 2.421809 seconds
  Import took 2.435059 seconds .

========================================================================
Received Import Request.
  Time since last request: 256.912665 seconds.
  path: Assets/Scripts/PlayerController.cs
  artifactKey: Guid(13056af4b348e44d5b7d518f4cfaa906) Importer(815301076,1909f56bfc062723c751e8b465ee728b)
Start importing Assets/Scripts/PlayerController.cs using Guid(13056af4b348e44d5b7d518f4cfaa906) Importer(815301076,1909f56bfc062723c751e8b465ee728b)  -> (artifact id: '9c1bdf44671301be42904003186c5b77') in 0.466304 seconds
  Import took 0.480676 seconds .

========================================================================
Received Import Request.
  Time since last request: 94.094600 seconds.
  path: Assets/Scripts/PlayerController.cs
  artifactKey: Guid(13056af4b348e44d5b7d518f4cfaa906) Importer(815301076,1909f56bfc062723c751e8b465ee728b)
Start importing Assets/Scripts/PlayerController.cs using Guid(13056af4b348e44d5b7d518f4cfaa906) Importer(815301076,1909f56bfc062723c751e8b465ee728b)  -> (artifact id: 'c054de5d66bd55d5f75071d8088dc635') in 0.012198 seconds
  Import took 0.018167 seconds .

========================================================================
Received Import Request.
  Time since last request: 131.819511 seconds.
  path: Assets/Scripts/PlayerController.cs
  artifactKey: Guid(13056af4b348e44d5b7d518f4cfaa906) Importer(815301076,1909f56bfc062723c751e8b465ee728b)
Start importing Assets/Scripts/PlayerController.cs using Guid(13056af4b348e44d5b7d518f4cfaa906) Importer(815301076,1909f56bfc062723c751e8b465ee728b)  -> (artifact id: 'b5fbb0333ec930cccecdc8a5898f7fa4') in 0.005905 seconds
  Import took 0.043384 seconds .

========================================================================
Received Prepare
Registering precompiled user dll's ...
Registered in 0.002234 seconds.
Begin MonoManager ReloadAssembly
Native extension for OSXStandalone target not found
Refreshing native plugins compatible for Editor in 0.48 ms, found 2 plugins.
Preloading 0 native plugins for Editor in 0.00 ms.
Invoked RoslynAnalysisRunner static constructor.
RoslynAnalysisRunner will not be running.
RoslynAnalysisRunner has terminated.
Mono: successfully reloaded assembly
- Completed reload, in  2.018 seconds
Platform modules already initialized, skipping
Refreshing native plugins compatible for Editor in 0.43 ms, found 2 plugins.
Preloading 0 native plugins for Editor in 0.00 ms.
Unloading 1806 Unused Serialized files (Serialized files now loaded: 0)
System memory in use before: 221.7 MB.
System memory in use after: 221.7 MB.

Unloading 12 unused Assets to reduce memory usage. Loaded Objects now: 2266.
Total: 3.125140 ms (FindLiveObjects: 0.426500 ms CreateObjectMapping: 0.138378 ms MarkObjects: 2.421119 ms  DeleteObjects: 0.137025 ms)

========================================================================
Received Prepare
Registering precompiled user dll's ...
Registered in 0.005956 seconds.
Begin MonoManager ReloadAssembly
Native extension for OSXStandalone target not found
Refreshing native plugins compatible for Editor in 0.46 ms, found 2 plugins.
Preloading 0 native plugins for Editor in 0.00 ms.
Invoked RoslynAnalysisRunner static constructor.
RoslynAnalysisRunner will not be running.
RoslynAnalysisRunner has terminated.
Mono: successfully reloaded assembly
- Completed reload, in  1.811 seconds
Platform modules already initialized, skipping
Refreshing native plugins compatible for Editor in 0.74 ms, found 2 plugins.
Preloading 0 native plugins for Editor in 0.00 ms.
Unloading 1806 Unused Serialized files (Serialized files now loaded: 0)
System memory in use before: 223.5 MB.
System memory in use after: 223.5 MB.

Unloading 12 unused Assets to reduce memory usage. Loaded Objects now: 2270.
Total: 2.753375 ms (FindLiveObjects: 0.404709 ms CreateObjectMapping: 0.098347 ms MarkObjects: 2.123142 ms  DeleteObjects: 0.125597 ms)

========================================================================
Received Prepare
Registering precompiled user dll's ...
Registered in 0.000926 seconds.
Begin MonoManager ReloadAssembly
Native extension for OSXStandalone target not found
Refreshing native plugins compatible for Editor in 1.43 ms, found 2 plugins.
Preloading 0 native plugins for Editor in 0.00 ms.
Invoked RoslynAnalysisRunner static constructor.
RoslynAnalysisRunner will not be running.
RoslynAnalysisRunner has terminated.
Mono: successfully reloaded assembly
- Completed reload, in  1.866 seconds
Platform modules already initialized, skipping
Refreshing native plugins compatible for Editor in 0.67 ms, found 2 plugins.
Preloading 0 native plugins for Editor in 0.00 ms.
Unloading 1806 Unused Serialized files (Serialized files now loaded: 0)
System memory in use before: 225.3 MB.
System memory in use after: 225.3 MB.

Unloading 12 unused Assets to reduce memory usage. Loaded Objects now: 2274.
Total: 3.030818 ms (FindLiveObjects: 0.414167 ms CreateObjectMapping: 0.145297 ms MarkObjects: 2.331224 ms  DeleteObjects: 0.138349 ms)

========================================================================
Received Prepare
Registering precompiled user dll's ...
Registered in 0.001259 seconds.
Begin MonoManager ReloadAssembly
Native extension for OSXStandalone target not found
Refreshing native plugins compatible for Editor in 0.60 ms, found 2 plugins.
Preloading 0 native plugins for Editor in 0.00 ms.
Invoked RoslynAnalysisRunner static constructor.
RoslynAnalysisRunner will not be running.
RoslynAnalysisRunner has terminated.
Mono: successfully reloaded assembly
- Completed reload, in  2.063 seconds
Platform modules already initialized, skipping
Refreshing native plugins compatible for Editor in 0.85 ms, found 2 plugins.
Preloading 0 native plugins for Editor in 0.00 ms.
Unloading 1806 Unused Serialized files (Serialized files now loaded: 0)
System memory in use before: 227.1 MB.
System memory in use after: 227.1 MB.

Unloading 12 unused Assets to reduce memory usage. Loaded Objects now: 2278.
Total: 3.494779 ms (FindLiveObjects: 0.267428 ms CreateObjectMapping: 0.147583 ms MarkObjects: 2.895552 ms  DeleteObjects: 0.182305 ms)

========================================================================
Received Import Request.
  Time since last request: 1254.722182 seconds.
  path: Assets/Prefabs/Tenpura.prefab
  artifactKey: Guid(2c85e7237e202459d84d52c627651fb1) Importer(815301076,1909f56bfc062723c751e8b465ee728b)
Start importing Assets/Prefabs/Tenpura.prefab using Guid(2c85e7237e202459d84d52c627651fb1) Importer(815301076,1909f56bfc062723c751e8b465ee728b)  -> (artifact id: '104db767c43f9abb66e2e1cce67b4c14') in 0.144951 seconds
  Import took 0.151110 seconds .

========================================================================
Received Import Request.
  Time since last request: 5.154820 seconds.
  path: Assets/Prefabs/Menma.prefab
  artifactKey: Guid(bde54f606260f4fde8043a05505f380a) Importer(815301076,1909f56bfc062723c751e8b465ee728b)
Start importing Assets/Prefabs/Menma.prefab using Guid(bde54f606260f4fde8043a05505f380a) Importer(815301076,1909f56bfc062723c751e8b465ee728b)  -> (artifact id: '53b32e7252af16a4bd90d23cb9d54123') in 0.018109 seconds
  Import took 0.025253 seconds .

========================================================================
Received Import Request.
  Time since last request: 0.026649 seconds.
  path: Assets/Prefabs/Menma.prefab
  artifactKey: Guid(bde54f606260f4fde8043a05505f380a) Importer(815301076,1909f56bfc062723c751e8b465ee728b)
Start importing Assets/Prefabs/Menma.prefab using Guid(bde54f606260f4fde8043a05505f380a) Importer(815301076,1909f56bfc062723c751e8b465ee728b)  -> (artifact id: '53b32e7252af16a4bd90d23cb9d54123') in 0.023408 seconds
  Import took 0.030525 seconds .

========================================================================
Received Import Request.
  Time since last request: 1.443603 seconds.
  path: Assets/Prefabs/Menma.prefab
  artifactKey: Guid(bde54f606260f4fde8043a05505f380a) Importer(815301076,1909f56bfc062723c751e8b465ee728b)
Start importing Assets/Prefabs/Menma.prefab using Guid(bde54f606260f4fde8043a05505f380a) Importer(815301076,1909f56bfc062723c751e8b465ee728b)  -> (artifact id: '16271b3cf8f88f863ddd2ad4248621af') in 0.017883 seconds
  Import took 0.026682 seconds .

========================================================================
Received Import Request.
  Time since last request: 3.488803 seconds.
  path: Assets/Prefabs/Kitsune.prefab
  artifactKey: Guid(1c7ed29f15ae34d2295b02b268a93b7b) Importer(815301076,1909f56bfc062723c751e8b465ee728b)
Start importing Assets/Prefabs/Kitsune.prefab using Guid(1c7ed29f15ae34d2295b02b268a93b7b) Importer(815301076,1909f56bfc062723c751e8b465ee728b)  -> (artifact id: 'f996d8580d10059378d7436b3e34a65a') in 0.028018 seconds
  Import took 0.034838 seconds .

========================================================================
Received Prepare
Registering precompiled user dll's ...
Registered in 0.002196 seconds.
Begin MonoManager ReloadAssembly
Native extension for OSXStandalone target not found
Refreshing native plugins compatible for Editor in 0.90 ms, found 2 plugins.
Preloading 0 native plugins for Editor in 0.00 ms.
Invoked RoslynAnalysisRunner static constructor.
RoslynAnalysisRunner will not be running.
RoslynAnalysisRunner has terminated.
Mono: successfully reloaded assembly
- Completed reload, in  2.289 seconds
Platform modules already initialized, skipping
Refreshing native plugins compatible for Editor in 0.52 ms, found 2 plugins.
Preloading 0 native plugins for Editor in 0.00 ms.
Unloading 1806 Unused Serialized files (Serialized files now loaded: 0)
System memory in use before: 229.1 MB.
System memory in use after: 229.1 MB.

Unloading 12 unused Assets to reduce memory usage. Loaded Objects now: 2283.
Total: 3.334550 ms (FindLiveObjects: 0.240001 ms CreateObjectMapping: 0.075073 ms MarkObjects: 2.862537 ms  DeleteObjects: 0.155101 ms)

========================================================================
Received Import Request.
  Time since last request: 58.548634 seconds.
  path: Assets/Prefabs/Stage2.prefab
  artifactKey: Guid(f518cd3e9cd7c4f44a15021dbfc21f42) Importer(815301076,1909f56bfc062723c751e8b465ee728b)
Start importing Assets/Prefabs/Stage2.prefab using Guid(f518cd3e9cd7c4f44a15021dbfc21f42) Importer(815301076,1909f56bfc062723c751e8b465ee728b)  -> (artifact id: '4a1637a38073d6b2516f4975636c89fd') in 0.123176 seconds
  Import took 0.130738 seconds .

========================================================================
Received Import Request.
  Time since last request: 0.066668 seconds.
  path: Assets/Prefabs/Stage2.prefab
  artifactKey: Guid(f518cd3e9cd7c4f44a15021dbfc21f42) Importer(815301076,1909f56bfc062723c751e8b465ee728b)
Start importing Assets/Prefabs/Stage2.prefab using Guid(f518cd3e9cd7c4f44a15021dbfc21f42) Importer(815301076,1909f56bfc062723c751e8b465ee728b)  -> (artifact id: '4a1637a38073d6b2516f4975636c89fd') in 0.013502 seconds
  Import took 0.018600 seconds .

========================================================================
Received Prepare
Registering precompiled user dll's ...
Registered in 0.001965 seconds.
Begin MonoManager ReloadAssembly
Native extension for OSXStandalone target not found
Refreshing native plugins compatible for Editor in 0.63 ms, found 2 plugins.
Preloading 0 native plugins for Editor in 0.00 ms.
Invoked RoslynAnalysisRunner static constructor.
RoslynAnalysisRunner will not be running.
RoslynAnalysisRunner has terminated.
Mono: successfully reloaded assembly
- Completed reload, in  1.959 seconds
Platform modules already initialized, skipping
Refreshing native plugins compatible for Editor in 0.48 ms, found 2 plugins.
Preloading 0 native plugins for Editor in 0.00 ms.
Unloading 1806 Unused Serialized files (Serialized files now loaded: 0)
System memory in use before: 231.1 MB.
System memory in use after: 231.1 MB.

Unloading 12 unused Assets to reduce memory usage. Loaded Objects now: 2288.
Total: 5.242919 ms (FindLiveObjects: 0.636612 ms CreateObjectMapping: 0.190350 ms MarkObjects: 4.223186 ms  DeleteObjects: 0.189167 ms)

========================================================================
Received Import Request.
  Time since last request: 358.692042 seconds.
  path: Assets/Scripts/ScoreCounter1.cs
  artifactKey: Guid(dbcac6b7e4a5d482d849817acdc8ef85) Importer(815301076,1909f56bfc062723c751e8b465ee728b)
Start importing Assets/Scripts/ScoreCounter1.cs using Guid(dbcac6b7e4a5d482d849817acdc8ef85) Importer(815301076,1909f56bfc062723c751e8b465ee728b)  -> (artifact id: 'f999b91d836a09b2744b14c8cee4a475') in 0.250955 seconds
  Import took 0.303802 seconds .

========================================================================
Received Prepare
Registering precompiled user dll's ...
Registered in 0.001660 seconds.
Begin MonoManager ReloadAssembly
Native extension for OSXStandalone target not found
Refreshing native plugins compatible for Editor in 0.74 ms, found 2 plugins.
Preloading 0 native plugins for Editor in 0.00 ms.
Invoked RoslynAnalysisRunner static constructor.
RoslynAnalysisRunner will not be running.
RoslynAnalysisRunner has terminated.
Mono: successfully reloaded assembly
- Completed reload, in  5.067 seconds
Platform modules already initialized, skipping
Refreshing native plugins compatible for Editor in 0.87 ms, found 2 plugins.
Preloading 0 native plugins for Editor in 0.00 ms.
Unloading 1807 Unused Serialized files (Serialized files now loaded: 0)
System memory in use before: 232.9 MB.
System memory in use after: 232.9 MB.

Unloading 12 unused Assets to reduce memory usage. Loaded Objects now: 2293.
Total: 5.554021 ms (FindLiveObjects: 0.690663 ms CreateObjectMapping: 0.164366 ms MarkObjects: 4.493917 ms  DeleteObjects: 0.202925 ms)

========================================================================
Received Prepare
Registering precompiled user dll's ...
Registered in 0.003227 seconds.
Begin MonoManager ReloadAssembly
Native extension for OSXStandalone target not found
Refreshing native plugins compatible for Editor in 0.48 ms, found 2 plugins.
Preloading 0 native plugins for Editor in 0.00 ms.
Invoked RoslynAnalysisRunner static constructor.
RoslynAnalysisRunner will not be running.
RoslynAnalysisRunner has terminated.
Mono: successfully reloaded assembly
- Completed reload, in  4.136 seconds
Platform modules already initialized, skipping
Refreshing native plugins compatible for Editor in 0.71 ms, found 2 plugins.
Preloading 0 native plugins for Editor in 0.00 ms.
Unloading 1806 Unused Serialized files (Serialized files now loaded: 0)
System memory in use before: 234.7 MB.
System memory in use after: 234.7 MB.

Unloading 13 unused Assets to reduce memory usage. Loaded Objects now: 2296.
Total: 3.405981 ms (FindLiveObjects: 0.352320 ms CreateObjectMapping: 0.071487 ms MarkObjects: 2.835283 ms  DeleteObjects: 0.144480 ms)

========================================================================
Received Prepare
Registering precompiled user dll's ...
Registered in 0.000883 seconds.
Begin MonoManager ReloadAssembly
Native extension for OSXStandalone target not found
Refreshing native plugins compatible for Editor in 0.48 ms, found 2 plugins.
Preloading 0 native plugins for Editor in 0.00 ms.
Invoked RoslynAnalysisRunner static constructor.
RoslynAnalysisRunner will not be running.
RoslynAnalysisRunner has terminated.
Mono: successfully reloaded assembly
- Completed reload, in  2.142 seconds
Platform modules already initialized, skipping
Refreshing native plugins compatible for Editor in 0.46 ms, found 2 plugins.
Preloading 0 native plugins for Editor in 0.00 ms.
Unloading 1806 Unused Serialized files (Serialized files now loaded: 0)
System memory in use before: 236.5 MB.
System memory in use after: 236.6 MB.

Unloading 12 unused Assets to reduce memory usage. Loaded Objects now: 2300.
Total: 3.278642 ms (FindLiveObjects: 0.435707 ms CreateObjectMapping: 0.097583 ms MarkObjects: 2.574755 ms  DeleteObjects: 0.168493 ms)

========================================================================
Received Import Request.
  Time since last request: 1585.920546 seconds.
  path: Assets/Scenes/Result.unity
  artifactKey: Guid(6f044eed0ba584db88b47d1a16bd0919) Importer(815301076,1909f56bfc062723c751e8b465ee728b)
Start importing Assets/Scenes/Result.unity using Guid(6f044eed0ba584db88b47d1a16bd0919) Importer(815301076,1909f56bfc062723c751e8b465ee728b)  -> (artifact id: '3c6c7cc22afdeb46acb52fb1651201b8') in 0.030693 seconds
  Import took 0.036129 seconds .

========================================================================
Received Import Request.
  Time since last request: 101.426311 seconds.
  path: Assets/Scenes/Stage1.unity
  artifactKey: Guid(f500646e8f71349c1b58788fca144a9c) Importer(815301076,1909f56bfc062723c751e8b465ee728b)
Start importing Assets/Scenes/Stage1.unity using Guid(f500646e8f71349c1b58788fca144a9c) Importer(815301076,1909f56bfc062723c751e8b465ee728b)  -> (artifact id: '6a00416976274898ec1890c72485ec30') in 0.003130 seconds
  Import took 0.010177 seconds .

========================================================================
Received Prepare
Registering precompiled user dll's ...
Registered in 0.001752 seconds.
Begin MonoManager ReloadAssembly
Native extension for OSXStandalone target not found
Refreshing native plugins compatible for Editor in 0.72 ms, found 2 plugins.
Preloading 0 native plugins for Editor in 0.00 ms.
Invoked RoslynAnalysisRunner static constructor.
RoslynAnalysisRunner will not be running.
RoslynAnalysisRunner has terminated.
Mono: successfully reloaded assembly
- Completed reload, in  2.112 seconds
Platform modules already initialized, skipping
Refreshing native plugins compatible for Editor in 0.50 ms, found 2 plugins.
Preloading 0 native plugins for Editor in 0.00 ms.
Unloading 1806 Unused Serialized files (Serialized files now loaded: 0)
System memory in use before: 238.4 MB.
System memory in use after: 238.4 MB.

Unloading 12 unused Assets to reduce memory usage. Loaded Objects now: 2304.
Total: 3.836513 ms (FindLiveObjects: 0.438640 ms CreateObjectMapping: 0.180224 ms MarkObjects: 2.884747 ms  DeleteObjects: 0.329929 ms)

========================================================================
Received Import Request.
  Time since last request: 951.204008 seconds.
  path: Assets/Fonts
  artifactKey: Guid(939b0be27997846eda714530e0100730) Importer(815301076,1909f56bfc062723c751e8b465ee728b)
Start importing Assets/Fonts using Guid(939b0be27997846eda714530e0100730) Importer(815301076,1909f56bfc062723c751e8b465ee728b)  -> (artifact id: '4c604faf6d4fb821a91c9c5832dec6bc') in 0.107463 seconds
  Import took 0.158231 seconds .

========================================================================
Received Import Request.
  Time since last request: 100.890761 seconds.
  path: Assets/Fonts/misaki_gothic_2nd.ttf
  artifactKey: Guid(4c8669707b42549faaf1e55a96a764e1) Importer(815301076,1909f56bfc062723c751e8b465ee728b)
Start importing Assets/Fonts/misaki_gothic_2nd.ttf using Guid(4c8669707b42549faaf1e55a96a764e1) Importer(815301076,1909f56bfc062723c751e8b465ee728b)  -> (artifact id: 'eda9d48ab40b366f2461ccdb4583ee30') in 5.112597 seconds
  Import took 5.119580 seconds .

========================================================================
Received Prepare
Registering precompiled user dll's ...
Registered in 0.002499 seconds.
Begin MonoManager ReloadAssembly
Native extension for OSXStandalone target not found
Refreshing native plugins compatible for Editor in 0.68 ms, found 2 plugins.
Preloading 0 native plugins for Editor in 0.00 ms.
Invoked RoslynAnalysisRunner static constructor.
RoslynAnalysisRunner will not be running.
RoslynAnalysisRunner has terminated.
Mono: successfully reloaded assembly
- Completed reload, in  2.457 seconds
Platform modules already initialized, skipping
Refreshing native plugins compatible for Editor in 0.51 ms, found 2 plugins.
Preloading 0 native plugins for Editor in 0.00 ms.
Unloading 1806 Unused Serialized files (Serialized files now loaded: 0)
System memory in use before: 312.3 MB.
System memory in use after: 312.3 MB.

Unloading 12 unused Assets to reduce memory usage. Loaded Objects now: 2346.
Total: 4.725628 ms (FindLiveObjects: 0.331238 ms CreateObjectMapping: 0.105064 ms MarkObjects: 4.081794 ms  DeleteObjects: 0.205345 ms)

========================================================================
Received Import Request.
  Time since last request: 714.554239 seconds.
  path: Assets/Scenes/Result.unity
  artifactKey: Guid(6f044eed0ba584db88b47d1a16bd0919) Importer(815301076,1909f56bfc062723c751e8b465ee728b)
Start importing Assets/Scenes/Result.unity using Guid(6f044eed0ba584db88b47d1a16bd0919) Importer(815301076,1909f56bfc062723c751e8b465ee728b)  -> (artifact id: '261252a8563099e70c832207309c6fc6') in 0.022330 seconds
  Import took 0.030521 seconds .

========================================================================
Received Import Request.
  Time since last request: 0.738821 seconds.
  path: Assets/Scenes/Start.unity
  artifactKey: Guid(3bb7aa3b3db2c4d19b788f2060249fb7) Importer(815301076,1909f56bfc062723c751e8b465ee728b)
Start importing Assets/Scenes/Start.unity using Guid(3bb7aa3b3db2c4d19b788f2060249fb7) Importer(815301076,1909f56bfc062723c751e8b465ee728b)  -> (artifact id: 'b875684e0e6595332a73ace78b70363a') in 0.017998 seconds
  Import took 0.027357 seconds .

========================================================================
Received Import Request.
  Time since last request: 1.740728 seconds.
  path: Assets/Scenes/Stage1.unity
  artifactKey: Guid(f500646e8f71349c1b58788fca144a9c) Importer(815301076,1909f56bfc062723c751e8b465ee728b)
Start importing Assets/Scenes/Stage1.unity using Guid(f500646e8f71349c1b58788fca144a9c) Importer(815301076,1909f56bfc062723c751e8b465ee728b)  -> (artifact id: '14b8b88e2728e3c973923bf3c89ec927') in 0.004451 seconds
  Import took 0.014511 seconds .

========================================================================
Received Prepare
Registering precompiled user dll's ...
Registered in 0.003714 seconds.
Begin MonoManager ReloadAssembly
Native extension for OSXStandalone target not found
Refreshing native plugins compatible for Editor in 0.46 ms, found 2 plugins.
Preloading 0 native plugins for Editor in 0.00 ms.
Invoked RoslynAnalysisRunner static constructor.
RoslynAnalysisRunner will not be running.
RoslynAnalysisRunner has terminated.
Mono: successfully reloaded assembly
- Completed reload, in  1.991 seconds
Platform modules already initialized, skipping
Refreshing native plugins compatible for Editor in 0.74 ms, found 2 plugins.
Preloading 0 native plugins for Editor in 0.00 ms.
Unloading 1806 Unused Serialized files (Serialized files now loaded: 0)
System memory in use before: 314.2 MB.
System memory in use after: 314.2 MB.

Unloading 12 unused Assets to reduce memory usage. Loaded Objects now: 2350.
Total: 4.375965 ms (FindLiveObjects: 0.597152 ms CreateObjectMapping: 0.155284 ms MarkObjects: 3.488966 ms  DeleteObjects: 0.132708 ms)

========================================================================
Received Prepare
Registering precompiled user dll's ...
Registered in 0.018630 seconds.
Begin MonoManager ReloadAssembly
Native extension for OSXStandalone target not found
Refreshing native plugins compatible for Editor in 0.69 ms, found 2 plugins.
Preloading 0 native plugins for Editor in 0.00 ms.
Invoked RoslynAnalysisRunner static constructor.
RoslynAnalysisRunner will not be running.
RoslynAnalysisRunner has terminated.
Mono: successfully reloaded assembly
- Completed reload, in  2.014 seconds
Platform modules already initialized, skipping
Refreshing native plugins compatible for Editor in 0.82 ms, found 2 plugins.
Preloading 0 native plugins for Editor in 0.00 ms.
Unloading 1806 Unused Serialized files (Serialized files now loaded: 0)
System memory in use before: 316.0 MB.
System memory in use after: 316.0 MB.

Unloading 12 unused Assets to reduce memory usage. Loaded Objects now: 2354.
Total: 3.552619 ms (FindLiveObjects: 0.423427 ms CreateObjectMapping: 0.112400 ms MarkObjects: 2.836819 ms  DeleteObjects: 0.159043 ms)

